[2026-07-07 15:17:32] [INFO] 日志模块验证
[2026-07-07 15:32:25] [INFO] 后端服务启动
[2026-07-07 15:33:22] [INFO] 上传 PDF 成功：JYT1002_教育管理基础信息.pdf
[2026-07-07 15:33:28] [INFO] 本体生成开始：D:\基于大模型智能体的教育本体构建系统\edu-ontology-system\backend\data\uploads\3\dcdffd91a9f848ddb9e74c84c091f516.pdf
[2026-07-07 15:33:32] [INFO] 本体生成成功：D:\基于大模型智能体的教育本体构建系统\edu-ontology-system\backend\data\uploads\3\dcdffd91a9f848ddb9e74c84c091f516.pdf
[2026-07-07 15:56:29] [INFO] 后端服务启动
[2026-07-07 15:57:53] [INFO] 上传 PDF 成功：JYT1002_教育管理基础信息.pdf
[2026-07-07 15:57:55] [INFO] 本体生成开始：B:\Code\A\edu-ontology-system\backend\data\uploads\4\e612fed901ee4863a1cd06394da9b1f9.pdf
[2026-07-07 15:58:13] [INFO] 本体生成成功：B:\Code\A\edu-ontology-system\backend\data\uploads\4\e612fed901ee4863a1cd06394da9b1f9.pdf
[2026-07-07 16:04:50] [INFO] 后端服务启动
[2026-07-07 16:06:09] [INFO] 上传 PDF 成功：JYT1002_教育管理基础信息.pdf
[2026-07-07 16:06:11] [INFO] 本体生成开始：B:\Code\A\edu-ontology-system\backend\data\uploads\4\796168a0717b4762a94ba17a921cb9e8.pdf
[2026-07-07 16:06:22] [INFO] 本体生成成功：B:\Code\A\edu-ontology-system\backend\data\uploads\4\796168a0717b4762a94ba17a921cb9e8.pdf
[2026-07-07 16:13:14] [INFO] 后端服务启动
[2026-07-07 16:14:12] [INFO] 上传 PDF 成功：JYT1002_教育管理基础信息.pdf
[2026-07-07 16:14:15] [INFO] 本体生成开始：B:\Code\A\edu-ontology-system\backend\data\uploads\4\ad047726afbd4f0b94a09fcb4146861b.pdf
[2026-07-07 16:14:31] [INFO] 本体生成成功：B:\Code\A\edu-ontology-system\backend\data\uploads\4\ad047726afbd4f0b94a09fcb4146861b.pdf
[2026-07-07 16:21:34] [INFO] 后端服务启动
[2026-07-07 16:24:18] [INFO] 后端服务启动
[2026-07-07 16:24:20] [INFO] 后端服务启动
[2026-07-07 16:29:14] [INFO] 后端服务启动
[2026-07-07 16:29:24] [INFO] 后端服务启动
[2026-07-07 16:29:32] [INFO] 后端服务启动
[2026-07-07 16:30:01] [INFO] 后端服务启动
[2026-07-07 16:30:22] [INFO] 后端服务启动
[2026-07-07 16:30:46] [INFO] 后端服务启动
[2026-07-07 16:30:55] [INFO] 后端服务启动
[2026-07-07 16:37:15] [INFO] 后端服务启动
[2026-07-07 16:38:23] [INFO] 上传 PDF 成功：JYT1002_教育管理基础信息.pdf
[2026-07-07 16:38:25] [INFO] 本体生成开始：B:\Code\A\edu-ontology-system\backend\data\uploads\4\e24d0d3d22134cbba3199346c781b4fb.pdf
[2026-07-07 16:38:33] [INFO] 本体生成成功：B:\Code\A\edu-ontology-system\backend\data\uploads\4\e24d0d3d22134cbba3199346c781b4fb.pdf
[2026-07-07 16:57:41] [INFO] 后端服务启动
[2026-07-07 17:00:46] [INFO] 后端服务启动
[2026-07-07 17:01:52] [INFO] 上传 PDF 成功：JYT1002_教育管理基础信息.pdf
[2026-07-07 17:01:54] [INFO] 本体生成开始：B:\Code\A\edu-ontology-system\backend\data\uploads\4\755d95fed7f44eb68be4a70fa8674f50.pdf
[2026-07-07 17:02:05] [INFO] 本体生成成功：B:\Code\A\edu-ontology-system\backend\data\uploads\4\755d95fed7f44eb68be4a70fa8674f50.pdf
[2026-07-07 17:14:52] [INFO] 后端服务启动
[2026-07-07 17:17:17] [INFO] 后端服务启动
[2026-07-07 17:18:26] [INFO] 上传 PDF 成功：JYT1002_教育管理基础信息.pdf
[2026-07-07 17:18:31] [INFO] 本体生成开始：B:\Code\A\edu-ontology-system\backend\data\uploads\4\af5ee70fd2bf4fe5b5048d4d46349894.pdf
[2026-07-07 17:18:47] [INFO] 本体生成成功：B:\Code\A\edu-ontology-system\backend\data\uploads\4\af5ee70fd2bf4fe5b5048d4d46349894.pdf
[2026-07-08 08:48:21] [INFO] 后端服务启动
[2026-07-08 08:49:31] [INFO] 上传 PDF 成功：JYT1002_教育管理基础信息.pdf
[2026-07-08 08:49:33] [INFO] 本体生成开始：B:\Code\A\edu-ontology-system\backend\data\uploads\4\ef51e34c33b9449bad3bdbd364f287cf.pdf
[2026-07-08 08:49:43] [INFO] 本体生成成功：B:\Code\A\edu-ontology-system\backend\data\uploads\4\ef51e34c33b9449bad3bdbd364f287cf.pdf
[2026-07-08 08:54:50] [INFO] 后端服务启动
[2026-07-08 08:54:56] [INFO] 后端服务启动
[2026-07-08 08:55:48] [INFO] 后端服务启动
[2026-07-08 08:56:00] [INFO] 后端服务启动
[2026-07-08 08:56:20] [INFO] 后端服务启动
[2026-07-08 08:56:30] [INFO] 后端服务启动
[2026-07-08 08:56:44] [INFO] 后端服务启动
[2026-07-08 09:00:14] [INFO] 后端服务启动
[2026-07-08 09:00:38] [INFO] 后端服务启动
[2026-07-08 09:04:25] [INFO] 后端服务启动
[2026-07-08 09:14:45] [INFO] 后端服务启动
[2026-07-08 09:15:55] [INFO] 上传 PDF 成功：JYT1002_教育管理基础信息.pdf
[2026-07-08 09:15:58] [INFO] 本体生成开始：B:\Code\A\edu-ontology-system\backend\data\uploads\4\d6f4085b60f74fa5a7c68db177dd3846.pdf
[2026-07-08 09:34:02] [INFO] 本体生成成功：B:\Code\A\edu-ontology-system\backend\data\uploads\4\d6f4085b60f74fa5a7c68db177dd3846.pdf
[2026-07-08 09:45:07] [INFO] 后端服务启动
[2026-07-08 09:45:07] [INFO] 后端服务启动
[2026-07-08 09:49:24] [INFO] 后端服务启动
[2026-07-08 09:49:25] [INFO] 后端服务启动
[2026-07-08 09:49:37] [INFO] 后端服务启动
[2026-07-08 09:49:37] [INFO] 后端服务启动
[2026-07-08 09:50:23] [INFO] 后端服务启动
[2026-07-08 09:50:23] [INFO] 后端服务启动
[2026-07-08 09:51:15] [INFO] 后端服务启动
[2026-07-08 09:51:16] [INFO] 后端服务启动
[2026-07-08 09:51:25] [INFO] 后端服务启动
[2026-07-08 09:51:25] [INFO] 后端服务启动
[2026-07-08 09:51:53] [INFO] 后端服务启动
[2026-07-08 09:51:54] [INFO] 后端服务启动
[2026-07-08 09:53:07] [INFO] 后端服务启动
[2026-07-08 09:53:08] [INFO] 后端服务启动
[2026-07-08 09:54:05] [INFO] 后端服务启动
[2026-07-08 09:54:05] [INFO] 后端服务启动
[2026-07-08 09:56:40] [INFO] 后端服务启动
[2026-07-08 09:56:40] [INFO] 后端服务启动
[2026-07-08 09:57:43] [INFO] 后端服务启动
[2026-07-08 09:57:43] [INFO] 后端服务启动
[2026-07-08 10:03:35] [INFO] 后端服务启动
[2026-07-08 10:03:36] [INFO] 后端服务启动
[2026-07-08 10:04:09] [INFO] 后端服务启动
[2026-07-08 10:04:09] [INFO] 后端服务启动
[2026-07-08 10:05:50] [INFO] 后端服务启动
[2026-07-08 10:05:50] [INFO] 后端服务启动
[2026-07-08 10:15:40] [INFO] 后端服务启动
[2026-07-08 10:20:08] [INFO] 上传 PDF 成功：JYT1002_教育管理基础信息.pdf
[2026-07-08 10:20:13] [INFO] 本体生成开始：B:\Code\A\edu-ontology-system\backend\data\uploads\4\7a2729fd62ff4db493fa15dddb7ede2d.pdf
[2026-07-08 10:44:16] [INFO] 后端服务启动
[2026-07-08 10:47:30] [INFO] 上传 PDF 成功：JYT1002_教育管理基础信息.pdf
[2026-07-08 10:47:34] [INFO] 本体生成开始：B:\Code\A\edu-ontology-system\backend\data\uploads\4\16f204cfcff349ee9872ec733cbfc55c.pdf
[2026-07-08 10:47:34] [ERROR] 本体生成失败：模块还没准备好：modules.pdf_parser
[2026-07-08 10:47:36] [INFO] 本体生成开始：B:\Code\A\edu-ontology-system\backend\data\uploads\4\16f204cfcff349ee9872ec733cbfc55c.pdf
[2026-07-08 10:47:36] [ERROR] 本体生成失败：模块还没准备好：modules.pdf_parser
[2026-07-08 10:51:50] [INFO] 后端服务启动
[2026-07-08 10:52:41] [INFO] 后端服务启动
[2026-07-08 10:54:45] [INFO] 后端服务启动
[2026-07-08 10:57:45] [INFO] 后端服务启动
[2026-07-08 11:01:51] [INFO] 上传 PDF 成功：JYT1002_教育管理基础信息.pdf
[2026-07-08 11:01:53] [INFO] 本体生成开始：B:\Code\A\edu-ontology-system\backend\data\uploads\4\9c8c423ab3fc453cacd838fd1fe063b8.pdf
[2026-07-08 11:09:43] [INFO] 上传 PDF 成功：JYT1002_教育管理基础信息.pdf
[2026-07-08 11:09:51] [INFO] 本体生成开始：B:\Code\A\edu-ontology-system\backend\data\uploads\4\0a0fb4f45c4c4fa49dd233986b1c1292.pdf
[2026-07-08 11:09:56] [INFO] 本体生成成功：B:\Code\A\edu-ontology-system\backend\data\uploads\4\0a0fb4f45c4c4fa49dd233986b1c1292.pdf
[2026-07-08 11:10:22] [INFO] OWL 导出成功：B:\Code\A\edu-ontology-system\backend\data\exports\4\ontology_20260708_110956.owl
[2026-07-08 11:16:51] [INFO] 本体生成开始：B:\Code\A\edu-ontology-system\backend\data\uploads\4\9c8c423ab3fc453cacd838fd1fe063b8.pdf
[2026-07-08 11:17:08] [INFO] 上传 PDF 成功：JYT1002_教育管理基础信息.pdf
[2026-07-08 11:17:11] [INFO] 本体生成开始：B:\Code\A\edu-ontology-system\backend\data\uploads\4\8691b6d37384450290b48c0dd8939f24.pdf
[2026-07-08 11:26:34] [INFO] 本体生成成功：B:\Code\A\edu-ontology-system\backend\data\uploads\4\9c8c423ab3fc453cacd838fd1fe063b8.pdf
[2026-07-08 15:19:42] [INFO] 后端服务启动
[2026-07-08 15:23:54] [INFO] 上传 PDF 成功：王颖-软件与理论综合设计与实践项目指导书-基于大模型智能体的教育本体构建系统.pdf
[2026-07-08 15:23:57] [INFO] 本体生成开始：B:\Code\A\edu-ontology-system\backend\data\uploads\4\52bc457db1994a4d91806bb1cbadea45.pdf
[2026-07-08 15:25:08] [INFO] 本体生成成功：B:\Code\A\edu-ontology-system\backend\data\uploads\4\52bc457db1994a4d91806bb1cbadea45.pdf
[2026-07-08 15:32:12] [INFO] 后端服务启动
[2026-07-08 15:36:04] [INFO] 后端服务启动
[2026-07-08 15:36:22] [INFO] 后端服务启动
[2026-07-08 15:36:38] [INFO] 后端服务启动
[2026-07-08 15:37:10] [INFO] 后端服务启动
[2026-07-08 15:39:21] [INFO] 后端服务启动
[2026-07-08 15:40:16] [INFO] 后端服务启动
[2026-07-08 15:40:41] [INFO] 后端服务启动
[2026-07-08 15:40:51] [INFO] 后端服务启动
[2026-07-08 15:44:27] [INFO] 后端服务启动
[2026-07-08 15:47:22] [INFO] 后端服务启动
[2026-07-08 15:50:28] [INFO] 后端服务启动
[2026-07-08 15:52:13] [INFO] 上传 PDF 成功：JYT1002_教育管理基础信息.pdf
[2026-07-08 15:52:17] [INFO] 本体生成开始：B:\Code\A\edu-ontology-system\backend\data\uploads\4\53d0e60a33354c4b92f23f6248b998fa.pdf
[2026-07-08 15:53:53] [INFO] 本体生成成功：B:\Code\A\edu-ontology-system\backend\data\uploads\4\53d0e60a33354c4b92f23f6248b998fa.pdf
[2026-07-08 16:09:56] [INFO] 后端服务启动
[2026-07-08 16:09:56] [INFO] 后端服务启动
[2026-07-08 16:10:10] [INFO] 后端服务启动
[2026-07-08 16:10:10] [INFO] 后端服务启动
[2026-07-08 16:10:46] [INFO] 后端服务启动
[2026-07-08 16:10:46] [INFO] 后端服务启动
[2026-07-08 16:10:57] [INFO] 后端服务启动
[2026-07-08 16:10:58] [INFO] 后端服务启动
[2026-07-08 16:11:10] [INFO] 后端服务启动
[2026-07-08 16:11:12] [INFO] 后端服务启动
[2026-07-08 16:15:42] [INFO] 后端服务启动
[2026-07-08 16:16:54] [INFO] 上传 PDF 成功：JYT1002_教育管理基础信息.pdf
[2026-07-08 16:16:56] [INFO] 本体生成开始：B:\Code\A\edu-ontology-system\backend\data\uploads\4\74603923597a489eb6bb8ad579f3a498.pdf
[2026-07-08 16:17:18] [INFO] 本体生成成功：B:\Code\A\edu-ontology-system\backend\data\uploads\4\74603923597a489eb6bb8ad579f3a498.pdf
[2026-07-08 16:20:19] [INFO] OWL 导出成功：B:\Code\A\edu-ontology-system\backend\data\exports\4\ontology_20260708_161718.owl
[2026-07-08 16:34:14] [INFO] 后端服务启动
[2026-07-08 16:34:15] [INFO] 后端服务启动
[2026-07-08 16:34:15] [INFO] 后端服务启动
[2026-07-08 17:01:06] [INFO] 后端服务启动
[2026-07-08 17:04:28] [INFO] 后端服务启动
[2026-07-08 17:07:44] [INFO] 上传 PDF 成功：JYT1002_教育管理基础信息.pdf
[2026-07-08 17:07:55] [INFO] 本体生成开始：D:\基于大模型智能体的教育本体构建系统\edu-ontology-system\backend\data\uploads\3\5e089d7e02f548cfaec1586be448e83d.pdf
[2026-07-08 17:08:15] [INFO] 本体生成成功：D:\基于大模型智能体的教育本体构建系统\edu-ontology-system\backend\data\uploads\3\5e089d7e02f548cfaec1586be448e83d.pdf
[2026-07-08 17:10:39] [INFO] 上传 PDF 成功：JYT1007_教育统计信息.pdf
[2026-07-08 17:10:44] [INFO] 本体生成开始：D:\基于大模型智能体的教育本体构建系统\edu-ontology-system\backend\data\uploads\2\fa8a2298bb8d4e55ae16359d6a1362f6.pdf
[2026-07-08 17:10:53] [INFO] 本体生成成功：D:\基于大模型智能体的教育本体构建系统\edu-ontology-system\backend\data\uploads\2\fa8a2298bb8d4e55ae16359d6a1362f6.pdf
[2026-07-09 08:32:24] [INFO] 后端服务启动
[2026-07-09 08:39:42] [INFO] 上传 PDF 成功：JYT1002_教育管理基础信息.pdf
[2026-07-09 08:39:46] [INFO] 本体生成开始：D:\基于大模型智能体的教育本体构建系统\edu-ontology-system\backend\data\uploads\3\f783076c082d4ff1a21e48bd14096865.pdf
[2026-07-09 08:39:55] [INFO] 本体生成成功：D:\基于大模型智能体的教育本体构建系统\edu-ontology-system\backend\data\uploads\3\f783076c082d4ff1a21e48bd14096865.pdf
[2026-07-09 09:21:45] [INFO] 后端服务启动
[2026-07-09 09:23:11] [INFO] Batch PDF upload success: count=2
